6520 354147 443
2640 895543 525
4931 680871 509
9297 733661 509
8069 994379 525
5168 848170 525
946 541393 470
642 920345 525
2259 895566 525
4965 768045 509
6236 554068 470
505 728862 509
8664 885379 525
6448 288411 443
7090 265226 443
7938 202618 383
2956 360555 443
1963 587095 470
9765 706770 509
7512 113379 354
6512 649162 509
1260 360427 443
6427 73068 340
3037 22307 279
99 751690 509
93159 363213 443
91049 635252 509
98748 730323 509
91951 811795 509
92232 516506 470
92655 332320 443
97906 638202 509
94914 776651 509
96986 174286 383
93044 989244 525
94293 926413 525
96459 951449 525
99386 389703 443
98179 550413 470
93631 699622 509
96094 945259 525
95390 673689 509
96849 981503 525
99485 889197 525
91984 220365 386
99358 612245 470
93259 399256 443
99143 120905 354
91403 453939 449
93372 899629 525
